 
****************************************
Report : area
Design : FIFO_TOP
Version: K-2015.06
Date   : Thu Feb 23 03:02:10 2023
****************************************

Library(s) Used:

    scmetro_tsmc_cl013g_rvt_ss_1p08v_125c (File: /home/IC/Projects/FIFO/Synthesis/Std_Cells/synopsys/scmetro_tsmc_cl013g_rvt_ss_1p08v_125c.db)

Number of ports:                           24
Number of nets:                           646
Number of cells:                          628
Number of combinational cells:            460
Number of sequential cells:               168
Number of macros/black boxes:               0
Number of buf/inv:                        118
Number of references:                     114

Combinational area:               4629.137792
Buf/Inv area:                     1095.507689
Noncombinational area:            4238.473372
Macro/Black Box area:                0.000000
Net Interconnect area:          214341.073151

Total cell area:                  8867.611163
Total area:                     223208.684314

Hierarchical area distribution
------------------------------

                                  Global cell area          Local cell area
                                  ------------------  ---------------------------- 
Hierarchical cell                 Absolute   Percent  Combi-     Noncombi-  Black-
                                  Total      Total    national   national   boxes   Design
--------------------------------  ---------  -------  ---------  ---------  ------  ---------
FIFO_TOP                          8867.6112    100.0  4629.1378  4238.4734  0.0000  FIFO_TOP
--------------------------------  ---------  -------  ---------  ---------  ------  ---------
Total                                                 4629.1378  4238.4734  0.0000

1
